#
# There is insufficient memory for the Java Runtime Environment to continue.
# Native memory allocation (mmap) failed to map 268435456 bytes for G1 virtual space
# Possible reasons:
#   The system is out of physical RAM or swap space
#   The process is running with CompressedOops enabled, and the Java Heap may be blocking the growth of the native heap
# Possible solutions:
#   Reduce memory load on the system
#   Increase physical memory or swap space
#   Check if swap backing store is full
#   Decrease Java heap size (-Xmx/-Xms)
#   Decrease number of Java threads
#   Decrease Java thread stack sizes (-Xss)
#   Set larger code cache with -XX:ReservedCodeCacheSize=
#   JVM is running with Zero Based Compressed Oops mode in which the Java heap is
#     placed in the first 32GB address space. The Java Heap base address is the
#     maximum limit for the native heap growth. Please use -XX:HeapBaseMinAddress
#     to set the Java Heap base and to place the Java Heap above 32GB virtual address.
# This output file may be truncated or incomplete.
#
#  Out of Memory Error (os_windows.cpp:3548), pid=27852, tid=27844
#
# JRE version:  (17.0.12+8) (build )
# Java VM: Java HotSpot(TM) 64-Bit Server VM (17.0.12+8-LTS-286, mixed mode, sharing, tiered, compressed oops, compressed class ptrs, g1 gc, windows-amd64)
# No core dump will be written. Minidumps are not enabled by default on client versions of Windows
#

---------------  S U M M A R Y ------------

Command Line: -javaagent:D:\Program Files\JetBrains\IntelliJ IDEA Community Edition 2021.2.1\lib\idea_rt.jar=64367:D:\Program Files\JetBrains\IntelliJ IDEA Community Edition 2021.2.1\bin -Dfile.encoding=UTF-8 com.yasser.ecommerce.OrderApplication

Host: Intel(R) Core(TM) i7-8565U CPU @ 1.80GHz, 8 cores, 15G,  Windows 11 , 64 bit Build 22621 (10.0.22621.5415)
Time: Sat Nov  8 20:31:01 2025 Arab Standard Time elapsed time: 0.278384 seconds (0d 0h 0m 0s)

---------------  T H R E A D  ---------------

Current thread (0x000001657fe35040):  JavaThread "Unknown thread" [_thread_in_vm, id=27844, stack(0x0000001aa8e00000,0x0000001aa8f00000)]

Stack: [0x0000001aa8e00000,0x0000001aa8f00000]
Native frames: (J=compiled Java code, j=interpreted, Vv=VM code, C=native code)
V  [jvm.dll+0x67a04a]
V  [jvm.dll+0x7da4ed]
V  [jvm.dll+0x7dbe33]
V  [jvm.dll+0x7dc4a3]
V  [jvm.dll+0x24508f]
V  [jvm.dll+0x677089]
V  [jvm.dll+0x66bd32]
V  [jvm.dll+0x301fa6]
V  [jvm.dll+0x309546]
V  [jvm.dll+0x359d2e]
V  [jvm.dll+0x359f5f]
V  [jvm.dll+0x2d9078]
V  [jvm.dll+0x2d9fe4]
V  [jvm.dll+0x7aca21]
V  [jvm.dll+0x367591]
V  [jvm.dll+0x78b999]
V  [jvm.dll+0x3ec83f]
V  [jvm.dll+0x3ee471]
C  [jli.dll+0x5297]
C  [ucrtbase.dll+0x29333]
C  [KERNEL32.DLL+0x1259d]
C  [ntdll.dll+0x5af78]


---------------  P R O C E S S  ---------------

Threads class SMR info:
_java_thread_list=0x00007ffc9fca7a18, length=0, elements={
}

Java Threads: ( => current thread )

Other Threads:
  0x000001657fea25e0 GCTaskThread "GC Thread#0" [stack: 0x0000001aa8f00000,0x0000001aa9000000] [id=29628]
  0x000001657feb3340 ConcurrentGCThread "G1 Main Marker" [stack: 0x0000001aa9000000,0x0000001aa9100000] [id=23852]
  0x000001657feb4d60 ConcurrentGCThread "G1 Conc#0" [stack: 0x0000001aa9100000,0x0000001aa9200000] [id=19804]

[error occurred during error reporting (printing all threads), id 0xc0000005, EXCEPTION_ACCESS_VIOLATION (0xc0000005) at pc=0x00007ffc9f4d9b67]

VM state: not at safepoint (not fully initialized)

VM Mutex/Monitor currently owned by a thread:  ([mutex/lock_event])
[0x000001657fe30440] Heap_lock - owner thread: 0x000001657fe35040

Heap address: 0x0000000701e00000, size: 4066 MB, Compressed Oops mode: Zero based, Oop shift amount: 3

CDS archive(s) mapped at: [0x0000000000000000-0x0000000000000000-0x0000000000000000), size 0, SharedBaseAddress: 0x0000000800000000, ArchiveRelocationMode: 1.
Narrow klass base: 0x0000000000000000, Narrow klass shift: 0, Narrow klass range: 0x0

GC Precious Log:
<Empty>

Heap:
 garbage-first heap   total 0K, used 0K [0x0000000701e00000, 0x0000000800000000)
  region size 2048K, 0 young (0K), 0 survivors (0K)

[error occurred during error reporting (printing heap information), id 0xc0000005, EXCEPTION_ACCESS_VIOLATION (0xc0000005) at pc=0x00007ffc9f8c3859]

GC Heap History (0 events):
No events

Deoptimization events (0 events):
No events

Classes unloaded (0 events):
No events

Classes redefined (0 events):
No events

Internal exceptions (0 events):
No events

VM Operations (0 events):
No events

Events (1 events):
Event: 0.197 Loaded shared library C:\Program Files\Java\jdk-17\bin\java.dll


Dynamic libraries:
0x00007ff726bd0000 - 0x00007ff726be0000 	C:\Program Files\Java\jdk-17\bin\java.exe
0x00007ffd3aad0000 - 0x00007ffd3ace7000 	C:\WINDOWS\SYSTEM32\ntdll.dll
0x00007ffd39a10000 - 0x00007ffd39ad4000 	C:\WINDOWS\System32\KERNEL32.DLL
0x00007ffd37e10000 - 0x00007ffd381e2000 	C:\WINDOWS\System32\KERNELBASE.dll
0x00007ffd37bc0000 - 0x00007ffd37cd1000 	C:\WINDOWS\System32\ucrtbase.dll
0x00007ffd28420000 - 0x00007ffd2843b000 	C:\Program Files\Java\jdk-17\bin\VCRUNTIME140.dll
0x00007ffd28400000 - 0x00007ffd28419000 	C:\Program Files\Java\jdk-17\bin\jli.dll
0x00007ffd38cd0000 - 0x00007ffd38d81000 	C:\WINDOWS\System32\ADVAPI32.dll
0x00007ffd38880000 - 0x00007ffd38927000 	C:\WINDOWS\System32\msvcrt.dll
0x00007ffd39950000 - 0x00007ffd399f8000 	C:\WINDOWS\System32\sechost.dll
0x00007ffd38360000 - 0x00007ffd38388000 	C:\WINDOWS\System32\bcrypt.dll
0x00007ffd38760000 - 0x00007ffd38874000 	C:\WINDOWS\System32\RPCRT4.dll
0x00007ffd39e20000 - 0x00007ffd39fd1000 	C:\WINDOWS\System32\USER32.dll
0x00007ffd386b0000 - 0x00007ffd386d6000 	C:\WINDOWS\System32\win32u.dll
0x00007ffd1ce50000 - 0x00007ffd1d0eb000 	C:\WINDOWS\WinSxS\amd64_microsoft.windows.common-controls_6595b64144ccf1df_6.0.22621.5415_none_270d77d17387d7da\COMCTL32.dll
0x00007ffd39b60000 - 0x00007ffd39b89000 	C:\WINDOWS\System32\GDI32.dll
0x00007ffd37ce0000 - 0x00007ffd37e03000 	C:\WINDOWS\System32\gdi32full.dll
0x00007ffd384d0000 - 0x00007ffd3856a000 	C:\WINDOWS\System32\msvcp_win.dll
0x00007ffd367a0000 - 0x00007ffd367aa000 	C:\WINDOWS\SYSTEM32\VERSION.dll
0x00007ffd39c20000 - 0x00007ffd39c51000 	C:\WINDOWS\System32\IMM32.DLL
0x000001657f0d0000 - 0x000001657f0e6000 	C:\WINDOWS\System32\umppc20008.dll
0x000001657f120000 - 0x000001657f134000 	C:\WINDOWS\System32\CsXumd64_20008.dll
0x00007ffd28510000 - 0x00007ffd2851c000 	C:\Program Files\Java\jdk-17\bin\vcruntime140_1.dll
0x00007ffd075a0000 - 0x00007ffd0762e000 	C:\Program Files\Java\jdk-17\bin\msvcp140.dll
0x00007ffc9f1f0000 - 0x00007ffc9fdd0000 	C:\Program Files\Java\jdk-17\bin\server\jvm.dll
0x00007ffd39130000 - 0x00007ffd39138000 	C:\WINDOWS\System32\PSAPI.DLL
0x00007ffd05c00000 - 0x00007ffd05c09000 	C:\WINDOWS\SYSTEM32\WSOCK32.dll
0x00007ffd39cf0000 - 0x00007ffd39d61000 	C:\WINDOWS\System32\WS2_32.dll
0x00007ffd30c70000 - 0x00007ffd30ca4000 	C:\WINDOWS\SYSTEM32\WINMM.dll
0x00007ffd36c20000 - 0x00007ffd36c38000 	C:\WINDOWS\SYSTEM32\kernel.appcore.dll
0x00007ffd28450000 - 0x00007ffd2845a000 	C:\Program Files\Java\jdk-17\bin\jimage.dll
0x00007ffd1df00000 - 0x00007ffd1e133000 	C:\WINDOWS\SYSTEM32\DBGHELP.DLL
0x00007ffd38d90000 - 0x00007ffd39123000 	C:\WINDOWS\System32\combase.dll
0x00007ffd39140000 - 0x00007ffd39217000 	C:\WINDOWS\System32\OLEAUT32.dll
0x00007ffd08dc0000 - 0x00007ffd08df2000 	C:\WINDOWS\SYSTEM32\dbgcore.DLL
0x00007ffd386e0000 - 0x00007ffd3875b000 	C:\WINDOWS\System32\bcryptPrimitives.dll
0x00007ffd1b4c0000 - 0x00007ffd1b4ce000 	C:\Program Files\Java\jdk-17\bin\instrument.dll
0x00007ffd283d0000 - 0x00007ffd283f5000 	C:\Program Files\Java\jdk-17\bin\java.dll

dbghelp: loaded successfully - version: 4.0.5 - missing functions: none
symbol engine: initialized successfully - sym options: 0x614 - pdb path: .;C:\Program Files\Java\jdk-17\bin;C:\WINDOWS\SYSTEM32;C:\WINDOWS\WinSxS\amd64_microsoft.windows.common-controls_6595b64144ccf1df_6.0.22621.5415_none_270d77d17387d7da;C:\Program Files\Java\jdk-17\bin\server

VM Arguments:
jvm_args: -javaagent:D:\Program Files\JetBrains\IntelliJ IDEA Community Edition 2021.2.1\lib\idea_rt.jar=64367:D:\Program Files\JetBrains\IntelliJ IDEA Community Edition 2021.2.1\bin -Dfile.encoding=UTF-8 
java_command: com.yasser.ecommerce.OrderApplication
java_class_path (initial): D:\personal\microservices\alibou\microservices-demo\order\target\classes;C:\Users\asm\.m2\repository\org\springframework\boot\spring-boot-starter-data-jpa\3.5.6\spring-boot-starter-data-jpa-3.5.6.jar;C:\Users\asm\.m2\repository\org\springframework\boot\spring-boot-starter\3.5.6\spring-boot-starter-3.5.6.jar;C:\Users\asm\.m2\repository\org\springframework\boot\spring-boot\3.5.6\spring-boot-3.5.6.jar;C:\Users\asm\.m2\repository\org\springframework\boot\spring-boot-autoconfigure\3.5.6\spring-boot-autoconfigure-3.5.6.jar;C:\Users\asm\.m2\repository\org\springframework\boot\spring-boot-starter-logging\3.5.6\spring-boot-starter-logging-3.5.6.jar;C:\Users\asm\.m2\repository\ch\qos\logback\logback-classic\1.5.18\logback-classic-1.5.18.jar;C:\Users\asm\.m2\repository\ch\qos\logback\logback-core\1.5.18\logback-core-1.5.18.jar;C:\Users\asm\.m2\repository\org\apache\logging\log4j\log4j-to-slf4j\2.24.3\log4j-to-slf4j-2.24.3.jar;C:\Users\asm\.m2\repository\org\apache\logging\log4j\log4j-api\2.24.3\log4j-api-2.24.3.jar;C:\Users\asm\.m2\repository\org\slf4j\jul-to-slf4j\2.0.17\jul-to-slf4j-2.0.17.jar;C:\Users\asm\.m2\repository\jakarta\annotation\jakarta.annotation-api\2.1.1\jakarta.annotation-api-2.1.1.jar;C:\Users\asm\.m2\repository\org\yaml\snakeyaml\2.4\snakeyaml-2.4.jar;C:\Users\asm\.m2\repository\org\springframework\boot\spring-boot-starter-jdbc\3.5.6\spring-boot-starter-jdbc-3.5.6.jar;C:\Users\asm\.m2\repository\com\zaxxer\HikariCP\6.3.3\HikariCP-6.3.3.jar;C:\Users\asm\.m2\repository\org\springframework\spring-jdbc\6.2.11\spring-jdbc-6.2.11.jar;C:\Users\asm\.m2\repository\org\hibernate\orm\hibernate-core\6.6.29.Final\hibernate-core-6.6.29.Final.jar;C:\Users\asm\.m2\repository\jakarta\persistence\jakarta.persistence-api\3.1.0\jakarta.persistence-api-3.1.0.jar;C:\Users\asm\.m2\repository\jakarta\transaction\jakarta.transaction-api\2.0.1\jakarta.transaction-api-2.0.1.jar;C:\Users\asm\.m2\repository\org\jboss\logging\jboss-logging\3.6.1.Final\jboss-l
Launcher Type: SUN_STANDARD

[Global flags]
     intx CICompilerCount                          = 4                                         {product} {ergonomic}
     uint ConcGCThreads                            = 2                                         {product} {ergonomic}
     uint G1ConcRefinementThreads                  = 8                                         {product} {ergonomic}
   size_t G1HeapRegionSize                         = 2097152                                   {product} {ergonomic}
    uintx GCDrainStackTargetSize                   = 64                                        {product} {ergonomic}
   size_t InitialHeapSize                          = 268435456                                 {product} {ergonomic}
   size_t MarkStackSize                            = 4194304                                   {product} {ergonomic}
   size_t MaxHeapSize                              = 4263510016                                {product} {ergonomic}
   size_t MinHeapDeltaBytes                        = 2097152                                   {product} {ergonomic}
   size_t MinHeapSize                              = 8388608                                   {product} {ergonomic}
    uintx NonNMethodCodeHeapSize                   = 5839372                                {pd product} {ergonomic}
    uintx NonProfiledCodeHeapSize                  = 122909434                              {pd product} {ergonomic}
    uintx ProfiledCodeHeapSize                     = 122909434                              {pd product} {ergonomic}
    uintx ReservedCodeCacheSize                    = 251658240                              {pd product} {ergonomic}
     bool SegmentedCodeCache                       = true                                      {product} {ergonomic}
   size_t SoftMaxHeapSize                          = 4263510016                             {manageable} {ergonomic}
     bool UseCompressedClassPointers               = true                           {product lp64_product} {ergonomic}
     bool UseCompressedOops                        = true                           {product lp64_product} {ergonomic}
     bool UseG1GC                                  = true                                      {product} {ergonomic}
     bool UseLargePagesIndividualAllocation        = false                                  {pd product} {ergonomic}

Logging:
Log output configuration:
 #0: stdout all=warning uptime,level,tags
 #1: stderr all=off uptime,level,tags

Environment Variables:
JAVA_HOME=C:\Program Files\Java\jdk1.8.0_202
PATH=C:\Program Files\Common Files\Oracle\Java\javapath;C:\Program Files (x86)\RSA SecurID Token Common;C:\Program Files\RSA SecurID Token Common;C:\Program Files (x86)\Common Files\Oracle\Java\javapath;C:\Program Files\Java\jdk1.8.0_202\bin;C:\WINDOWS\system32;C:\WINDOWS;C:\WINDOWS\System32\Wbem;C:\WINDOWS\System32\WindowsPowerShell\v1.0\;C:\WINDOWS\System32\OpenSSH\;C:\Program Files\dotnet\;C:\Program Files\Microsoft SQL Server\130\Tools\Binn\;C:\Program Files\Microsoft SQL Server\Client SDK\ODBC\170\Tools\Binn\;C:\Program Files\Git\cmd;C:\Program Files (x86)\Microsoft SQL Server\150\Tools\Binn\;C:\Program Files\Microsoft SQL Server\150\Tools\Binn\;C:\Program Files\Microsoft SQL Server\150\DTS\Binn\;C:\Program Files (x86)\Microsoft SQL Server\150\DTS\Binn\;C:\Program Files\apache-maven-3.8.3\bin;C:\Program Files (x86)\Intel\Intel(R) Management Engine Components\DAL;C:\Program Files\Intel\Intel(R) Management Engine Components\DAL;C:\Program Files (x86)\Pulse Secure\VC142.CRT\X64\;C:\Program Files (x86)\Pulse Secure\VC142.CRT\X86\;C:\Program Files (x86)\dotnet\;C:\Program Files\Docker\Docker\resources\bin;D:\Program Files\nodejs\;C:\Program Files\RSA SecurID Token Common\;C:\Users\asm\AppData\Local\Programs\Fiddler;D:\Program Files\Microsoft VS Code\bin;C:\Users\asm\.dotnet\tools;C:\Users\asm\AppData\Local\Microsoft\WindowsApps;C:\Users\asm\AppData\Roaming\npm
USERNAME=asm
OS=Windows_NT
PROCESSOR_IDENTIFIER=Intel64 Family 6 Model 142 Stepping 11, GenuineIntel



---------------  S Y S T E M  ---------------

OS:
 Windows 11 , 64 bit Build 22621 (10.0.22621.5415)
OS uptime: 7 days 23:08 hours
Hyper-V role detected

CPU: total 8 (initial active 8) (4 cores per cpu, 2 threads per core) family 6 model 142 stepping 11 microcode 0xec, cx8, cmov, fxsr, ht, mmx, 3dnowpref, sse, sse2, sse3, ssse3, sse4.1, sse4.2, popcnt, lzcnt, tsc, tscinvbit, avx, avx2, aes, erms, clmul, bmi1, bmi2, adx, fma, vzeroupper, clflush, clflushopt, hv

Memory: 4k page, system-wide physical 16262M (2822M free)
TotalPageFile size 22244M (AvailPageFile size 55M)
current process WorkingSet (physical memory assigned to process): 11M, peak: 11M
current process commit charge ("private bytes"): 60M, peak: 316M

vm_info: Java HotSpot(TM) 64-Bit Server VM (17.0.12+8-LTS-286) for windows-amd64 JRE (17.0.12+8-LTS-286), built on Jun  5 2024 06:46:59 by "mach5one" with MS VC++ 17.6 (VS2022)

END.
