#
# A fatal error has been detected by the Java Runtime Environment:
#
#  EXCEPTION_ACCESS_VIOLATION (0xc0000005) at pc=0x00007ffd28451b85, pid=5328, tid=22188
#
# JRE version:  (17.0.12+8) (build )
# Java VM: Java HotSpot(TM) 64-Bit Server VM (17.0.12+8-LTS-286, mixed mode, sharing, tiered, unknown gc, windows-amd64)
# Problematic frame:
# C  [jimage.dll+0x1b85]
#
# No core dump will be written. Minidumps are not enabled by default on client versions of Windows
#
#

---------------  S U M M A R Y ------------

Command Line: 

Host: Intel(R) Core(TM) i7-8565U CPU @ 1.80GHz, 8 cores, 15G,  Windows 11 , 64 bit Build 22621 (10.0.22621.5415)
Time: Sat Nov  8 20:59:14 2025 Arab Standard Time elapsed time: 0.154620 seconds (0d 0h 0m 0s)

---------------  T H R E A D  ---------------

Current thread is native thread

Stack: [0x000000c807d00000,0x000000c807e00000],  sp=0x000000c807dfe2c0,  free space=1016k
Native frames: (J=compiled Java code, j=interpreted, Vv=VM code, C=native code)
C  [jimage.dll+0x1b85]
C  [jimage.dll+0x1d13]
C  [jimage.dll+0x25d9]
V  [jvm.dll+0x1efaf5]
V  [jvm.dll+0xafe8e]
V  [jvm.dll+0x78b51c]
V  [jvm.dll+0x3ec83f]
V  [jvm.dll+0x3ee471]
C  [jli.dll+0x5297]
C  [ucrtbase.dll+0x29333]
C  [KERNEL32.DLL+0x1259d]
C  [ntdll.dll+0x5af78]


siginfo: EXCEPTION_ACCESS_VIOLATION (0xc0000005), reading address 0x000000000000108c


Registers:
RAX=0x000000000000041c, RBX=0x000000c807dfe3b1, RCX=0x00007ffd28456000, RDX=0x000000000000041c
RSP=0x000000c807dfe2c0, RBP=0x000000c807dfe3b0, RSI=0x0000000000007208, RDI=0x000000c807dfe3b0
R8 =0x00007ffd28454298, R9 =0x000000000000001c, R10=0x00007ffd28420000, R11=0x00007ffd28456000
R12=0x0000000000000000, R13=0x0000023c76e3ebe0, R14=0x000000c807dff420, R15=0x00007ffc9facd348
RIP=0x00007ffd28451b85, EFLAGS=0x0000000000010246


Top of Stack: (sp=0x000000c807dfe2c0)
0x000000c807dfe2c0:   0000000000000000 0000000000000000
0x000000c807dfe2d0:   0000000000000000 0000000000000000
0x000000c807dfe2e0:   0000023c76e37920 00007ffd28451d13
0x000000c807dfe2f0:   000000000000000b 0000023c76e37920
0x000000c807dfe300:   0000000000000000 0000000000000000
0x000000c807dfe310:   0000000000000000 0000000000000000
0x000000c807dfe320:   0000000000000000 0000000000000000
0x000000c807dfe330:   0000000000000000 0000000000000000
0x000000c807dfe340:   0000000000000000 0000000000000000
0x000000c807dfe350:   0000e8a9dc03087b 0000000000000000
0x000000c807dfe360:   00007ffc9faabef0 0000000000000017
0x000000c807dfe370:   0000023c76e37920 000000c807dff420
0x000000c807dfe380:   000000000000000b 00007ffd284525d9
0x000000c807dfe390:   0000000000000000 0000000000000000
0x000000c807dfe3a0:   0000000000000000 0000000000000000
0x000000c807dfe3b0:   61622e6176616a2f 692f6b646a2f6573 

Instructions: (pc=0x00007ffd28451b85)
0x00007ffd28451a85:   48 85 c9 74 1d 80 3d 7f 45 00 00 00 74 06 48 8b
0x00007ffd28451a95:   53 18 eb 04 48 8b 53 40 e8 96 0e 00 00 48 83 63
0x00007ffd28451aa5:   48 00 8b 4b 0c 83 f9 ff 74 09 e8 cc 0c 00 00 83
0x00007ffd28451ab5:   4b 0c ff 48 8b 4b 70 48 85 c9 74 0f ba 10 00 00
0x00007ffd28451ac5:   00 e8 ed 0e 00 00 48 83 63 70 00 48 83 c4 20 5b
0x00007ffd28451ad5:   c3 cc cc 40 53 48 83 ec 20 48 8b d9 48 8d 0d 38
0x00007ffd28451ae5:   47 00 00 e8 9b 0c 00 00 83 6b 08 01 75 24 48 8b
0x00007ffd28451af5:   d3 48 8d 0d 1b 45 00 00 e8 22 08 00 00 48 8b cb
0x00007ffd28451b05:   e8 d6 fe ff ff ba 78 00 00 00 48 8b cb e8 a1 0e
0x00007ffd28451b15:   00 00 48 8d 0d 02 47 00 00 48 83 c4 20 5b e9 68
0x00007ffd28451b25:   0c 00 00 48 89 5c 24 08 48 89 74 24 10 57 48 83
0x00007ffd28451b35:   ec 20 41 8b f1 4d 8b c8 48 8b fa 4c 8b d9 4d 85
0x00007ffd28451b45:   c0 74 78 85 f6 74 74 44 8a 12 48 8d 5a 01 48 8b
0x00007ffd28451b55:   d3 b8 93 01 00 01 eb 12 69 c0 93 01 00 01 41 0f
0x00007ffd28451b65:   b6 ca 44 8a 12 33 c1 48 ff c2 45 84 d2 75 e9 4d
0x00007ffd28451b75:   8b 03 0f ba f0 1f 33 d2 49 8b cb f7 f6 48 63 c2
0x00007ffd28451b85:   41 8b 14 81 41 ff 50 08 85 c0 7e 24 8a 0f eb 10
0x00007ffd28451b95:   69 c0 93 01 00 01 0f b6 c9 33 c1 8a 0b 48 ff c3
0x00007ffd28451ba5:   84 c9 75 ec 0f ba f0 1f 33 d2 f7 f6 8b c2 eb 0e
0x00007ffd28451bb5:   79 09 83 c9 ff 2b c8 8b c1 eb 03 83 c8 ff 48 8b
0x00007ffd28451bc5:   5c 24 30 48 8b 74 24 38 48 83 c4 20 5f c3 cc 48
0x00007ffd28451bd5:   89 5c 24 08 48 89 74 24 10 57 48 83 ec 20 48 8b
0x00007ffd28451be5:   f1 48 8d 0d 33 46 00 00 e8 96 0b 00 00 33 ff 39
0x00007ffd28451bf5:   3d 1e 44 00 00 76 24 48 8b 05 1d 44 00 00 48 8b
0x00007ffd28451c05:   d6 48 8b 1c f8 48 8b 0b e8 68 1e 00 00 85 c0 74
0x00007ffd28451c15:   2b ff c7 3b 3d fa 43 00 00 72 dc 33 db 48 8d 0d
0x00007ffd28451c25:   f7 45 00 00 e8 62 0b 00 00 48 8b 74 24 38 48 8b
0x00007ffd28451c35:   c3 48 8b 5c 24 30 48 83 c4 20 5f c3 ff 43 08 eb
0x00007ffd28451c45:   dc cc cc 48 89 5c 24 08 48 89 74 24 10 57 48 83
0x00007ffd28451c55:   ec 20 48 8b d9 48 8b f2 48 8b 49 10 49 8b f8 8b
0x00007ffd28451c65:   53 30 48 8b 01 ff 50 20 4c 8b 43 50 48 8b d6 48
0x00007ffd28451c75:   8b 4b 10 44 8b c8 e8 a8 fe ff ff 83 f8 ff 74 38 



---------------  P R O C E S S  ---------------

VM state: not at safepoint (not fully initialized)

VM Mutex/Monitor currently owned by a thread: None

GC Precious Log:
<Not initialized>


Dynamic libraries:
0x00007ff726bd0000 - 0x00007ff726be0000 	C:\Program Files\Java\jdk-17\bin\java.exe
0x00007ffd3aad0000 - 0x00007ffd3ace7000 	C:\WINDOWS\SYSTEM32\ntdll.dll
0x00007ffd39a10000 - 0x00007ffd39ad4000 	C:\WINDOWS\System32\KERNEL32.DLL
0x00007ffd37e10000 - 0x00007ffd381e2000 	C:\WINDOWS\System32\KERNELBASE.dll
0x00007ffd37bc0000 - 0x00007ffd37cd1000 	C:\WINDOWS\System32\ucrtbase.dll
0x00007ffd28400000 - 0x00007ffd28419000 	C:\Program Files\Java\jdk-17\bin\jli.dll
0x00007ffd28420000 - 0x00007ffd2843b000 	C:\Program Files\Java\jdk-17\bin\VCRUNTIME140.dll
0x00007ffd38cd0000 - 0x00007ffd38d81000 	C:\WINDOWS\System32\ADVAPI32.dll
0x00007ffd38880000 - 0x00007ffd38927000 	C:\WINDOWS\System32\msvcrt.dll
0x00007ffd39950000 - 0x00007ffd399f8000 	C:\WINDOWS\System32\sechost.dll
0x00007ffd38360000 - 0x00007ffd38388000 	C:\WINDOWS\System32\bcrypt.dll
0x00007ffd38760000 - 0x00007ffd38874000 	C:\WINDOWS\System32\RPCRT4.dll
0x00007ffd39e20000 - 0x00007ffd39fd1000 	C:\WINDOWS\System32\USER32.dll
0x00007ffd386b0000 - 0x00007ffd386d6000 	C:\WINDOWS\System32\win32u.dll
0x00007ffd1ce50000 - 0x00007ffd1d0eb000 	C:\WINDOWS\WinSxS\amd64_microsoft.windows.common-controls_6595b64144ccf1df_6.0.22621.5415_none_270d77d17387d7da\COMCTL32.dll
0x00007ffd39b60000 - 0x00007ffd39b89000 	C:\WINDOWS\System32\GDI32.dll
0x00007ffd37ce0000 - 0x00007ffd37e03000 	C:\WINDOWS\System32\gdi32full.dll
0x00007ffd384d0000 - 0x00007ffd3856a000 	C:\WINDOWS\System32\msvcp_win.dll
0x00007ffd367a0000 - 0x00007ffd367aa000 	C:\WINDOWS\SYSTEM32\VERSION.dll
0x00007ffd39c20000 - 0x00007ffd39c51000 	C:\WINDOWS\System32\IMM32.DLL
0x0000023c787b0000 - 0x0000023c787c6000 	C:\WINDOWS\System32\umppc20008.dll
0x0000023c787f0000 - 0x0000023c78804000 	C:\WINDOWS\System32\CsXumd64_20008.dll
0x00007ffd28510000 - 0x00007ffd2851c000 	C:\Program Files\Java\jdk-17\bin\vcruntime140_1.dll
0x00007ffd075a0000 - 0x00007ffd0762e000 	C:\Program Files\Java\jdk-17\bin\msvcp140.dll
0x00007ffc9f1f0000 - 0x00007ffc9fdd0000 	C:\Program Files\Java\jdk-17\bin\server\jvm.dll
0x00007ffd39130000 - 0x00007ffd39138000 	C:\WINDOWS\System32\PSAPI.DLL
0x00007ffd05c00000 - 0x00007ffd05c09000 	C:\WINDOWS\SYSTEM32\WSOCK32.dll
0x00007ffd39cf0000 - 0x00007ffd39d61000 	C:\WINDOWS\System32\WS2_32.dll
0x00007ffd30c70000 - 0x00007ffd30ca4000 	C:\WINDOWS\SYSTEM32\WINMM.dll
0x00007ffd36c20000 - 0x00007ffd36c38000 	C:\WINDOWS\SYSTEM32\kernel.appcore.dll
0x00007ffd28450000 - 0x00007ffd2845a000 	C:\Program Files\Java\jdk-17\bin\jimage.dll
0x00007ffd1df00000 - 0x00007ffd1e133000 	C:\WINDOWS\SYSTEM32\DBGHELP.DLL
0x00007ffd38d90000 - 0x00007ffd39123000 	C:\WINDOWS\System32\combase.dll
0x00007ffd39140000 - 0x00007ffd39217000 	C:\WINDOWS\System32\OLEAUT32.dll
0x00007ffd08dc0000 - 0x00007ffd08df2000 	C:\WINDOWS\SYSTEM32\dbgcore.DLL
0x00007ffd386e0000 - 0x00007ffd3875b000 	C:\WINDOWS\System32\bcryptPrimitives.dll

dbghelp: loaded successfully - version: 4.0.5 - missing functions: none
symbol engine: initialized successfully - sym options: 0x614 - pdb path: .;C:\Program Files\Java\jdk-17\bin;C:\WINDOWS\SYSTEM32;C:\WINDOWS\WinSxS\amd64_microsoft.windows.common-controls_6595b64144ccf1df_6.0.22621.5415_none_270d77d17387d7da;C:\Program Files\Java\jdk-17\bin\server

VM Arguments:
java_command: <unknown>
java_class_path (initial): <not set>
Launcher Type: SUN_STANDARD

[Global flags]
     bool UseLargePagesIndividualAllocation        = false                                  {pd product} {ergonomic}

Logging:
Log output configuration:
 #0: stdout all=warning uptime,level,tags
 #1: stderr all=off uptime,level,tags

Environment Variables:
JAVA_HOME=C:\Program Files\Java\jdk1.8.0_202
PATH=C:\Program Files\Common Files\Oracle\Java\javapath;C:\Program Files (x86)\RSA SecurID Token Common;C:\Program Files\RSA SecurID Token Common;C:\Program Files (x86)\Common Files\Oracle\Java\javapath;C:\Program Files\Java\jdk1.8.0_202\bin;C:\WINDOWS\system32;C:\WINDOWS;C:\WINDOWS\System32\Wbem;C:\WINDOWS\System32\WindowsPowerShell\v1.0\;C:\WINDOWS\System32\OpenSSH\;C:\Program Files\dotnet\;C:\Program Files\Microsoft SQL Server\130\Tools\Binn\;C:\Program Files\Microsoft SQL Server\Client SDK\ODBC\170\Tools\Binn\;C:\Program Files\Git\cmd;C:\Program Files (x86)\Microsoft SQL Server\150\Tools\Binn\;C:\Program Files\Microsoft SQL Server\150\Tools\Binn\;C:\Program Files\Microsoft SQL Server\150\DTS\Binn\;C:\Program Files (x86)\Microsoft SQL Server\150\DTS\Binn\;C:\Program Files\apache-maven-3.8.3\bin;C:\Program Files (x86)\Intel\Intel(R) Management Engine Components\DAL;C:\Program Files\Intel\Intel(R) Management Engine Components\DAL;C:\Program Files (x86)\Pulse Secure\VC142.CRT\X64\;C:\Program Files (x86)\Pulse Secure\VC142.CRT\X86\;C:\Program Files (x86)\dotnet\;C:\Program Files\Docker\Docker\resources\bin;D:\Program Files\nodejs\;C:\Program Files\RSA SecurID Token Common\;C:\Users\asm\AppData\Local\Programs\Fiddler;D:\Program Files\Microsoft VS Code\bin;C:\Users\asm\.dotnet\tools;C:\Users\asm\AppData\Local\Microsoft\WindowsApps;C:\Users\asm\AppData\Roaming\npm
USERNAME=asm
OS=Windows_NT
PROCESSOR_IDENTIFIER=Intel64 Family 6 Model 142 Stepping 11, GenuineIntel



---------------  S Y S T E M  ---------------

OS:
 Windows 11 , 64 bit Build 22621 (10.0.22621.5415)
OS uptime: 7 days 23:36 hours

CPU: total 8 (initial active 0) 

Memory: 4k page, system-wide physical 16262M (2905M free)
TotalPageFile size 22750M (AvailPageFile size 11M)
current process WorkingSet (physical memory assigned to process): 9M, peak: 9M
current process commit charge ("private bytes"): 3M, peak: 3M

vm_info: Java HotSpot(TM) 64-Bit Server VM (17.0.12+8-LTS-286) for windows-amd64 JRE (17.0.12+8-LTS-286), built on Jun  5 2024 06:46:59 by "mach5one" with MS VC++ 17.6 (VS2022)

END.
